<?xml version="1.0" encoding="UTF-8"?>
<!-- Generated by org.testng.reporters.JUnitXMLReporter -->
<testsuite ignored="5" hostname="LAPTOP-LJIGLQGO" failures="0" tests="1" name="Chrometest" time="5.971" errors="0" timestamp="07 Mar 2023 13:16:36 GMT">
  <testcase classname="testCases.LoginTestCases" name="verifyLoginForValidUser" time="1.623"/>
  <testcase classname="testCases.LoginTestCases" name="verifySignInButtonText" time="0.0">
    <ignored/>
  </testcase> <!-- verifySignInButtonText -->
  <testcase classname="testCases.LoginTestCases" name="verifyLoginForInValidUser" time="0.0">
    <ignored/>
  </testcase> <!-- verifyLoginForInValidUser -->
  <testcase classname="testCases.LoginTestCases" name="verifyLoginForInValidUserwithExcelDataProvider" time="0.0">
    <ignored/>
  </testcase> <!-- verifyLoginForInValidUserwithExcelDataProvider -->
  <testcase classname="testCases.LoginTestCases" name="verifyCheckBox" time="0.0">
    <ignored/>
  </testcase> <!-- verifyCheckBox -->
  <testcase classname="testCases.LoginTestCases" name="verifySignInButtonColor" time="0.0">
    <ignored/>
  </testcase> <!-- verifySignInButtonColor -->
</testsuite> <!-- Chrometest -->
