<?xml version="1.0" encoding="UTF-8"?>
<!-- Generated by org.testng.reporters.JUnitXMLReporter -->
<testsuite ignored="4" hostname="LAPTOP-LJIGLQGO" failures="0" tests="1" name="Default test" time="14.113" errors="0" timestamp="13 Mar 2023 10:42:20 GMT">
  <testcase classname="testCases.ManageExpensesTestCases" name="verifyAddNewExpenseRecord" time="8.144"/>
  <testcase classname="testCases.ManageExpensesTestCases" name="verifyAddExpenseFieldsPresence" time="0.0">
    <ignored/>
  </testcase> <!-- verifyAddExpenseFieldsPresence -->
  <testcase classname="testCases.ManageExpensesTestCases" name="verifyManageExpensePageLoad" time="0.0">
    <ignored/>
  </testcase> <!-- verifyManageExpensePageLoad -->
  <testcase classname="testCases.ManageExpensesTestCases" name="verifyNewSearchResetButtonFontColor" time="0.0">
    <ignored/>
  </testcase> <!-- verifyNewSearchResetButtonFontColor -->
  <testcase classname="testCases.ManageExpensesTestCases" name="verifyNewSearchResetButtonFontSize" time="0.0">
    <ignored/>
  </testcase> <!-- verifyNewSearchResetButtonFontSize -->
</testsuite> <!-- Default test -->
