<?xml version="1.0" encoding="UTF-8"?>
<testng-results ignored="4" total="5" passed="1" failed="0" skipped="0">
  <reporter-output>
  </reporter-output>
  <suite started-at="2023-03-13T10:42:06Z" name="Default suite" finished-at="2023-03-13T10:42:20Z" duration-ms="14113">
    <groups>
    </groups>
    <test started-at="2023-03-13T10:42:06Z" name="Default test" finished-at="2023-03-13T10:42:20Z" duration-ms="14113">
      <class name="testCases.ManageExpensesTestCases">
        <test-method is-config="true" signature="launchBrowser()[pri:0, instance:testCases.ManageExpensesTestCases@d554c5f]" started-at="2023-03-13T10:42:06Z" name="launchBrowser" finished-at="2023-03-13T10:42:11Z" duration-ms="5807" status="PASS">
          <reporter-output>
          </reporter-output>
        </test-method> <!-- launchBrowser -->
        <test-method signature="verifyAddNewExpenseRecord()[pri:0, instance:testCases.ManageExpensesTestCases@d554c5f]" started-at="2023-03-13T10:42:11Z" name="verifyAddNewExpenseRecord" finished-at="2023-03-13T10:42:19Z" duration-ms="8144" status="PASS">
          <reporter-output>
          </reporter-output>
        </test-method> <!-- verifyAddNewExpenseRecord -->
        <test-method is-config="true" signature="afterMethod(org.testng.ITestResult)[pri:0, instance:testCases.ManageExpensesTestCases@d554c5f]" started-at="2023-03-13T10:42:19Z" name="afterMethod" finished-at="2023-03-13T10:42:20Z" duration-ms="152" status="PASS">
          <params>
            <param index="0">
              <value>
                <![CDATA[[TestResult name=verifyAddNewExpenseRecord status=SUCCESS method=ManageExpensesTestCases.verifyAddNewExpenseRecord()[pri:0, instance:testCases.ManageExpensesTestCases@d554c5f] output={null}]]]>
              </value>
            </param>
          </params>
          <reporter-output>
          </reporter-output>
        </test-method> <!-- afterMethod -->
      </class> <!-- testCases.ManageExpensesTestCases -->
    </test> <!-- Default test -->
  </suite> <!-- Default suite -->
</testng-results>
